Client/LogisticsPlatform_stable/app/manifest-merger-release-report.txt
-- Merging decision tree log ---
manifest
ADDED from AndroidManifest.xml:2:1
	xmlns:android
		ADDED from AndroidManifest.xml:2:11
	package
		ADDED from AndroidManifest.xml:3:5
		INJECTED from AndroidManifest.xml:0:0
		INJECTED from AndroidManifest.xml:0:0
	android:versionName
		ADDED from AndroidManifest.xml:5:5
	android:versionCode
		ADDED from AndroidManifest.xml:4:5
		INJECTED from AndroidManifest.xml:0:0
		INJECTED from AndroidManifest.xml:0:0
uses-sdk
ADDED from AndroidManifest.xml:7:5
	android:targetSdkVersion
		ADDED from AndroidManifest.xml:9:9
		INJECTED from AndroidManifest.xml:0:0
		INJECTED from AndroidManifest.xml:0:0
	android:minSdkVersion
		ADDED from AndroidManifest.xml:8:9
		INJECTED from AndroidManifest.xml:0:0
		INJECTED from AndroidManifest.xml:0:0
uses-permission#android.permission.VIBRATE
ADDED from AndroidManifest.xml:12:5
	android:name
		ADDED from AndroidManifest.xml:12:22
uses-permission#android.permission.INTERNET
ADDED from AndroidManifest.xml:13:5
	android:name
		ADDED from AndroidManifest.xml:13:22
uses-permission#android.permission.ACCESS_NETWORK_STATE
ADDED from AndroidManifest.xml:14:5
	android:name
		ADDED from AndroidManifest.xml:14:22
uses-permission#android.permission.WAKE_LOCK
ADDED from AndroidManifest.xml:15:5
	android:name
		ADDED from AndroidManifest.xml:15:22
uses-permission#android.permission.WRITE_EXTERNAL_STORAGE
ADDED from AndroidManifest.xml:16:5
	android:maxSdkVersion
		ADDED from AndroidManifest.xml:18:9
	android:name
		ADDED from AndroidManifest.xml:17:9
uses-permission#android.permission.READ_PHONE_STATE
ADDED from AndroidManifest.xml:19:5
	android:name
		ADDED from AndroidManifest.xml:19:22
uses-permission#android.permission.READ_EXTERNAL_STORAGE
ADDED from AndroidManifest.xml:20:5
	android:maxSdkVersion
		ADDED from AndroidManifest.xml:22:9
	android:name
		ADDED from AndroidManifest.xml:21:9
application
ADDED from AndroidManifest.xml:24:5
	android:label
		ADDED from AndroidManifest.xml:27:9
	android:allowBackup
		ADDED from AndroidManifest.xml:25:9
	android:icon
		ADDED from AndroidManifest.xml:26:9
	android:theme
		ADDED from AndroidManifest.xml:28:9
activity#com.logistics.activity.WelcomeActivity
ADDED from AndroidManifest.xml:29:9
	android:label
		ADDED from AndroidManifest.xml:31:13
	android:name
		ADDED from AndroidManifest.xml:30:13
intent-filter#android.intent.action.MAIN+android.intent.category.LAUNCHER
ADDED from AndroidManifest.xml:32:13
action#android.intent.action.MAIN
ADDED from AndroidManifest.xml:33:17
	android:name
		ADDED from AndroidManifest.xml:33:25
category#android.intent.category.LAUNCHER
ADDED from AndroidManifest.xml:35:17
	android:name
		ADDED from AndroidManifest.xml:35:27
activity#com.logistics.activity.LoginActivity
ADDED from AndroidManifest.xml:38:9
	android:label
		ADDED from AndroidManifest.xml:40:13
	android:name
		ADDED from AndroidManifest.xml:39:13
activity#com.logistics.activity.MainActivity
ADDED from AndroidManifest.xml:42:9
	android:label
		ADDED from AndroidManifest.xml:44:13
	android:name
		ADDED from AndroidManifest.xml:43:13
activity#com.logistics.activity.GoodActivity
ADDED from AndroidManifest.xml:46:9
	android:windowSoftInputMode
		ADDED from AndroidManifest.xml:49:13
	android:label
		ADDED from AndroidManifest.xml:48:13
	android:name
		ADDED from AndroidManifest.xml:47:13
activity#com.logistics.activity.ProfileActivity
ADDED from AndroidManifest.xml:51:9
	android:label
		ADDED from AndroidManifest.xml:53:13
	android:name
		ADDED from AndroidManifest.xml:52:13
activity#com.logistics.activity.GoodResultActivity
ADDED from AndroidManifest.xml:55:9
	android:label
		ADDED from AndroidManifest.xml:57:13
	android:name
		ADDED from AndroidManifest.xml:56:13
activity#com.logistics.activity.MapActivity
ADDED from AndroidManifest.xml:59:9
	android:label
		ADDED from AndroidManifest.xml:61:13
	android:name
		ADDED from AndroidManifest.xml:60:13
activity#com.logistics.activity.ProfileCurrentDealActivity
ADDED from AndroidManifest.xml:63:9
	android:label
		ADDED from AndroidManifest.xml:65:13
	android:name
		ADDED from AndroidManifest.xml:64:13
activity#com.logistics.activity.ProfileHistoryDealActivity
ADDED from AndroidManifest.xml:67:9
	android:label
		ADDED from AndroidManifest.xml:69:13
	android:name
		ADDED from AndroidManifest.xml:68:13
activity#com.logistics.activity.ProfileChangePasswordActivity
ADDED from AndroidManifest.xml:71:9
	android:windowSoftInputMode
		ADDED from AndroidManifest.xml:74:13
	android:label
		ADDED from AndroidManifest.xml:73:13
	android:name
		ADDED from AndroidManifest.xml:72:13
activity#com.logistics.activity.ProfileChangePhoneActivity
ADDED from AndroidManifest.xml:76:9
	android:label
		ADDED from AndroidManifest.xml:78:13
	android:name
		ADDED from AndroidManifest.xml:77:13
activity#com.logistics.activity.GoodResultDetailActivity
ADDED from AndroidManifest.xml:80:9
	android:label
		ADDED from AndroidManifest.xml:82:13
	android:name
		ADDED from AndroidManifest.xml:81:13
activity#com.logistics.activity.ProfileCurrentDealDetailActivity
ADDED from AndroidManifest.xml:84:9
	android:label
		ADDED from AndroidManifest.xml:86:13
	android:name
		ADDED from AndroidManifest.xml:85:13
activity#com.logistics.activity.ProfileHistoryDealDetailActivity
ADDED from AndroidManifest.xml:88:9
	android:label
		ADDED from AndroidManifest.xml:90:13
	android:name
		ADDED from AndroidManifest.xml:89:13
activity#com.logistics.activity.RegisterActivity
ADDED from AndroidManifest.xml:92:9
	android:label
		ADDED from AndroidManifest.xml:94:13
	android:name
		ADDED from AndroidManifest.xml:93:13
activity#com.logistics.activity.LoginDetailActivity
ADDED from AndroidManifest.xml:96:9
	android:label
		ADDED from AndroidManifest.xml:98:13
	android:name
		ADDED from AndroidManifest.xml:97:13
activity#com.logistics.activity.ForgetActivity
ADDED from AndroidManifest.xml:100:9
	android:label
		ADDED from AndroidManifest.xml:102:13
	android:name
		ADDED from AndroidManifest.xml:101:13
activity#com.logistics.activity.RSSActivity
ADDED from AndroidManifest.xml:104:9
	android:windowSoftInputMode
		ADDED from AndroidManifest.xml:107:13
	android:label
		ADDED from AndroidManifest.xml:106:13
	android:name
		ADDED from AndroidManifest.xml:105:13
service#com.logistics.service.PushAndPull
ADDED from AndroidManifest.xml:110:9
	android:name
		ADDED from AndroidManifest.xml:110:18
service#com.logistics.service.NotifyCenter
ADDED from AndroidManifest.xml:112:9
	android:name
		ADDED from AndroidManifest.xml:112:18
activity#com.logistics.activity.WebDisplayActivity
ADDED from AndroidManifest.xml:115:9
	android:label
		ADDED from AndroidManifest.xml:117:13
	android:name
		ADDED from AndroidManifest.xml:116:13
receiver#com.logistics.MsgReceiver
ADDED from AndroidManifest.xml:120:9
	android:name
		ADDED from AndroidManifest.xml:120:19
receiver#com.logistics.RSSReceiver
ADDED from AndroidManifest.xml:122:9
	android:name
		ADDED from AndroidManifest.xml:122:19
activity#com.logistics.activity.ProfilePushlistActivity
ADDED from AndroidManifest.xml:125:9
	android:label
		ADDED from AndroidManifest.xml:127:13
	android:name
		ADDED from AndroidManifest.xml:126:13
activity#com.logistics.activity.MainFragmentActivity
ADDED from AndroidManifest.xml:129:9
	android:label
		ADDED from AndroidManifest.xml:131:13
	android:name
		ADDED from AndroidManifest.xml:130:13
activity#com.logistics.activity.GoodFragmentActivity
ADDED from AndroidManifest.xml:133:9
	android:label
		ADDED from AndroidManifest.xml:135:13
	android:name
		ADDED from AndroidManifest.xml:134:13
activity#com.logistics.activity.MapFragmentActivity
ADDED from AndroidManifest.xml:137:9
	android:label
		ADDED from AndroidManifest.xml:139:13
	android:name
		ADDED from AndroidManifest.xml:138:13
activity#com.logistics.activity.RSSFragmentActivity
ADDED from AndroidManifest.xml:141:9
	android:windowSoftInputMode
		ADDED from AndroidManifest.xml:144:13
	android:label
		ADDED from AndroidManifest.xml:143:13
	android:name
		ADDED from AndroidManifest.xml:142:13
activity#com.logistics.activity.ProfileFragmentActivity
ADDED from AndroidManifest.xml:146:9
	android:label
		ADDED from AndroidManifest.xml:148:13
	android:name
		ADDED from AndroidManifest.xml:147:13